<?xml version="1.0" encoding="UTF-8"?>
<!-- Generated by org.testng.reporters.JUnitReportReporter -->
<testsuite hostname="LAPTOP-E11IJVJ9" failures="0" tests="2" name="com.tests.RcbValidations" time="0.024" errors="0" timestamp="2022-07-27T08:26:52 IST" skipped="0">
  <testcase classname="com.tests.RcbValidations" name="validateForeignPlayers" time="0.019"/>
  <system-out/>
  <testcase classname="com.tests.RcbValidations" name="validateWicketKeepers" time="0.005"/>
  <system-out/>
</testsuite> <!-- com.tests.RcbValidations -->
